#
# A fatal error has been detected by the Java Runtime Environment:
#
#  SIGSEGV (0xb) at pc=0x00007fff95ee58ed, pid=1363, tid=0x0000000000000a0b
#
# JRE version: Java(TM) SE Runtime Environment (8.0_101-b13) (build 1.8.0_101-b13)
# Java VM: Java HotSpot(TM) 64-Bit Server VM (25.101-b13 mixed mode bsd-amd64 compressed oops)
# Problematic frame:
# C  [libobjc.A.dylib+0xc8ed]  objc_storeWeak+0x112
#
# Failed to write core dump. Core dumps have been disabled. To enable core dumping, try "ulimit -c unlimited" before starting Java again
#
# If you would like to submit a bug report, please visit:
#   http://bugreport.java.com/bugreport/crash.jsp
# The crash happened outside the Java Virtual Machine in native code.
# See problematic frame for where to report the bug.
#

---------------  T H R E A D  ---------------

Current thread (0x00007fd9fb86f800):  JavaThread "AppKit Thread" daemon [_thread_in_native, id=2571, stack(0x00007fff5cd04000,0x00007fff5d504000)]

siginfo: si_signo: 11 (SIGSEGV), si_code: 1 (SEGV_MAPERR), si_addr: 0x0000000000000000

Registers:
RAX=0x00007fd9fd002000, RBX=0x00007fff76ab2e80, RCX=0x0000000000000000, RDX=0x00007ffffffffff8
RSP=0x00007fff5d4ff4d0, RBP=0x00007fff5d4ff540, RSI=0x00007fd9fd002000, RDI=0x00007fff76ab2e80
R8 =0x00007fff8fbba9fb, R9 =0x00007fd9fb66da70, R10=0x00000000000000be, R11=0x0000000000000006
R12=0x00007fd9fb7401a8, R13=0x0000000000000000, R14=0x00007fff76ab3a80, R15=0x0000000000000000
RIP=0x00007fff95ee58ed, EFLAGS=0x0000000000010206, ERR=0x0000000000000004
  TRAPNO=0x000000000000000e

Top of Stack: (sp=0x00007fff5d4ff4d0)
0x00007fff5d4ff4d0:   ffff802604992590 00007fd9fb7451a0
0x00007fff5d4ff4e0:   0000000000000c00 0000000000000000
0x00007fff5d4ff4f0:   0000000000000000 0000000000000000
0x00007fff5d4ff500:   00007fd9fb5afa50 0000000000000018
0x00007fff5d4ff510:   0000000000000007 00007fd9fb66da70
0x00007fff5d4ff520:   0000000000000000 00007fd9fb41b870
0x00007fff5d4ff530:   00007fd9fb7451a0 00007fd9fb5afa50
0x00007fff5d4ff540:   00007fff5d4ff580 00007fff8fbb1807
0x00007fff5d4ff550:   00007fd9fb66da70 0000000000000000
0x00007fff5d4ff560:   00007fd9fb5afa50 00007fff95eda4c0
0x00007fff5d4ff570:   00007fd9fb66da70 00007fff74633b48
0x00007fff5d4ff580:   00007fff5d4ff5b0 00007fff86ed6561
0x00007fff5d4ff590:   00007fff5d4ff628 00007fff95eda4c0
0x00007fff5d4ff5a0:   00007fd9fb5afa50 00007fd9fb66da70
0x00007fff5d4ff5b0:   00007fff5d4ff5e0 00007fff8722ea00
0x00007fff5d4ff5c0:   0000000000000000 0000000000000094
0x00007fff5d4ff5d0:   00007fff5d4ff628 0000000000000001
0x00007fff5d4ff5e0:   00007fff5d4ff610 00007fff87412659
0x00007fff5d4ff5f0:   00007fd9fb66da70 00007fd9fb5afa50
0x00007fff5d4ff600:   00007fd9fb66da70 0000000000000000
0x00007fff5d4ff610:   00007fff5d4ff670 00007fff86ed6204
0x00007fff5d4ff620:   0000000000000000 00007fff781a60a0
0x00007fff5d4ff630:   0000000042000000 00007fff8722e92a
0x00007fff5d4ff640:   00007fff743a0200 0000000000000000
0x00007fff5d4ff650:   00007fd9fb5afa50 00007fd9fb66da70
0x00007fff5d4ff660:   00007fd9fb66da70 00007fd9fb5afa50
0x00007fff5d4ff670:   00007fff5d4ff6a0 000000011de51586
0x00007fff5d4ff680:   00007fd9fb66da70 000000011de85c60
0x00007fff5d4ff690:   00007fd9fb41b870 00007fd9fb66da70
0x00007fff5d4ff6a0:   00007fff5d4ffb80 00007fff86cb47c3
0x00007fff5d4ff6b0:   0000000000000000 0000000000000000
0x00007fff5d4ff6c0:   4089000000000000 4082c00000000000 

Instructions: (pc=0x00007fff95ee58ed)
0x00007fff95ee58cd:   0d 0e 0d b1 e0 48 8b 34 c1 48 8b 45 b8 48 39 c6
0x00007fff95ee58dd:   74 48 48 8b 46 20 48 89 c1 48 21 d1 48 8b 49 08
0x00007fff95ee58ed:   f6 01 01 75 0a 48 8b 06 48 21 d0 48 8b 40 20 48
0x00007fff95ee58fd:   21 d0 f6 40 03 20 75 22 49 89 f7 48 89 df e8 c8 

Register to memory mapping:

RAX=0x00007fd9fd002000 is a thread
RBX=0x00007fff76ab2e80: _ZN12_GLOBAL__N_1L12SideTableBufE+0 in /usr/lib/libobjc.A.dylib at 0x00007fff95ed9000
RCX=0x0000000000000000 is an unknown value
RDX=0x00007ffffffffff8 is an unknown value
RSP=0x00007fff5d4ff4d0 is pointing into the stack for thread: 0x00007fd9fb86f800
RBP=0x00007fff5d4ff540 is pointing into the stack for thread: 0x00007fd9fb86f800
RSI=0x00007fd9fd002000 is a thread
RDI=0x00007fff76ab2e80: _ZN12_GLOBAL__N_1L12SideTableBufE+0 in /usr/lib/libobjc.A.dylib at 0x00007fff95ed9000
R8 =0x00007fff8fbba9fb: storeARCWeakAt+0 in /System/Library/Frameworks/Foundation.framework/Versions/C/Foundation at 0x00007fff8fb9c000
R9 =0x00007fd9fb66da70 is an unknown value
R10=0x00000000000000be is an unknown value
R11=0x0000000000000006 is an unknown value
R12=0x00007fd9fb7401a8 is an unknown value
R13=0x0000000000000000 is an unknown value
R14=0x00007fff76ab3a80: _ZN12_GLOBAL__N_1L12SideTableBufE+0xc00 in /usr/lib/libobjc.A.dylib at 0x00007fff95ed9000
R15=0x0000000000000000 is an unknown value


Stack: [0x00007fff5cd04000,0x00007fff5d504000],  sp=0x00007fff5d4ff4d0,  free space=8173k
Native frames: (J=compiled Java code, j=interpreted, Vv=VM code, C=native code)
C  [libobjc.A.dylib+0xc8ed]  objc_storeWeak+0x112
C  [Foundation+0x15807]  -[NSConcreteMapTable setObject:forKey:]+0x6e
C  [AppKit+0x2f9561]  -[NSView(NSOpenGLContextAssociation) _setOpenGLContext:]+0xf2
C  [AppKit+0x651a00]  __27-[NSOpenGLContext setView:]_block_invoke+0xd6
C  [AppKit+0x835659]  NSPerformVisuallyAtomicChange+0x93
C  [AppKit+0x2f9204]  -[NSOpenGLContext setView:]+0x77
C  [liblwjgl.dylib+0xa586]  -[MacOSXOpenGLView lockFocus]+0x76
C  [AppKit+0xd77c3]  -[NSView _recursiveDisplayRectIfNeededIgnoringOpacity:isVisibleRect:rectIsVisibleRectForView:topView:]+0x6e2
C  [AppKit+0xd87b1]  -[NSView _recursiveDisplayRectIfNeededIgnoringOpacity:isVisibleRect:rectIsVisibleRectForView:topView:]+0x16d0
C  [AppKit+0xd6c0c]  -[NSThemeFrame _recursiveDisplayRectIfNeededIgnoringOpacity:isVisibleRect:rectIsVisibleRectForView:topView:]+0x14e
C  [AppKit+0xd31ef]  -[NSView _displayRectIgnoringOpacity:isVisibleRect:rectIsVisibleRectForView:]+0x991
C  [AppKit+0x8d971]  -[NSView displayIfNeeded]+0x79e
C  [AppKit+0x8d19c]  -[NSWindow displayIfNeeded]+0xe8
C  [AppKit+0x8096da]  ___NSWindowGetDisplayCycleObserver_block_invoke6367+0x1dc
C  [AppKit+0x4500d6]  __37+[NSDisplayCycle currentDisplayCycle]_block_invoke+0x2e2
C  [QuartzCore+0x173b5d]  CA::Transaction::run_commit_handlers(CATransactionPhase)+0x55
C  [QuartzCore+0xdc7c]  CA::Context::commit_transaction(CA::Transaction*)+0xa0
C  [QuartzCore+0xda24]  CA::Transaction::commit()+0x1fc
C  [QuartzCore+0x1c917]  CA::Transaction::observer_callback(__CFRunLoopObserver*, unsigned long, void*)+0x47
C  [CoreFoundation+0x7de37]  __CFRUNLOOP_IS_CALLING_OUT_TO_AN_OBSERVER_CALLBACK_FUNCTION__+0x17
C  [CoreFoundation+0x7dda7]  __CFRunLoopDoObservers+0x187
C  [CoreFoundation+0x6f358]  CFRunLoopRunSpecific+0x148
C  [HIToolbox+0x30935]  RunCurrentEventLoopInMode+0xeb
C  [HIToolbox+0x30677]  ReceiveNextEventCommon+0xb8
C  [HIToolbox+0x305af]  _BlockUntilNextEventMatchingListInModeWithFilter+0x47
C  [AppKit+0x8a0ee]  _DPSNextEvent+0x42b
C  [AppKit+0x456943]  -[NSApplication _nextEventMatchingEventMask:untilDate:inMode:dequeue:]+0x1c6
C  [libosxapp.dylib+0x23aa]  -[NSApplicationAWT nextEventMatchingMask:untilDate:inMode:dequeue:]+0x7c
C  [AppKit+0x7ffc8]  -[NSApplication run]+0x2aa
C  [libosxapp.dylib+0x214d]  +[NSApplicationAWT runAWTLoopWithApp:]+0x9c
C  [libawt_lwawt.dylib+0x444b3]  -[AWTStarter starter:]+0x389
C  [Foundation+0x8dd4b]  __NSThreadPerformPerform+0x117
C  [CoreFoundation+0x7e5c1]  __CFRUNLOOP_IS_CALLING_OUT_TO_A_SOURCE0_PERFORM_FUNCTION__+0x11
C  [CoreFoundation+0x7041c]  __CFRunLoopDoSources0+0x22c
C  [CoreFoundation+0x6f93f]  __CFRunLoopRun+0x39f
C  [CoreFoundation+0x6f338]  CFRunLoopRunSpecific+0x128
C  [java+0x6465]  CreateExecutionEnvironment+0x367
C  [java+0x218c]  JLI_Launch+0x7a0
C  [java+0x84c2]  main+0x65
C  [java+0x19e4]  start+0x34
C  0x0000000000000006


---------------  P R O C E S S  ---------------

Java Threads: ( => current thread )
  0x00007fd9fc04e000 JavaThread "AWT-Shutdown" [_thread_blocked, id=23819, stack(0x0000700000fc7000,0x00007000010c7000)]
  0x00007fd9fc217800 JavaThread "Java2D Queue Flusher" daemon [_thread_blocked, id=59143, stack(0x00007000013d9000,0x00007000014d9000)]
  0x00007fd9fd28b000 JavaThread "Java2D Disposer" daemon [_thread_blocked, id=53531, stack(0x00007000012d6000,0x00007000013d6000)]
=>0x00007fd9fb86f800 JavaThread "AppKit Thread" daemon [_thread_in_native, id=2571, stack(0x00007fff5cd04000,0x00007fff5d504000)]
  0x00007fd9fc018800 JavaThread "Service Thread" daemon [_thread_blocked, id=18179, stack(0x0000700000dc1000,0x0000700000ec1000)]
  0x00007fd9fc819800 JavaThread "C1 CompilerThread2" daemon [_thread_blocked, id=17667, stack(0x0000700000cbe000,0x0000700000dbe000)]
  0x00007fd9fb809000 JavaThread "C2 CompilerThread1" daemon [_thread_blocked, id=17155, stack(0x0000700000bbb000,0x0000700000cbb000)]
  0x00007fd9fd07a000 JavaThread "C2 CompilerThread0" daemon [_thread_blocked, id=16643, stack(0x0000700000ab8000,0x0000700000bb8000)]
  0x00007fd9fd065000 JavaThread "Signal Dispatcher" daemon [_thread_blocked, id=13327, stack(0x00007000009b5000,0x0000700000ab5000)]
  0x00007fd9fc013800 JavaThread "Finalizer" daemon [_thread_blocked, id=11779, stack(0x000070000082f000,0x000070000092f000)]
  0x00007fd9fd031800 JavaThread "Reference Handler" daemon [_thread_blocked, id=11267, stack(0x000070000072c000,0x000070000082c000)]
  0x00007fd9fd002000 JavaThread "main" [_thread_in_native, id=4099, stack(0x0000700000084000,0x0000700000184000)]

Other Threads:
  0x00007fd9fb81e000 VMThread [stack: 0x0000700000629000,0x0000700000729000] [id=10755]
  0x00007fd9fc019000 WatcherThread [stack: 0x0000700000ec4000,0x0000700000fc4000] [id=18691]

VM state:not at safepoint (normal execution)

VM Mutex/Monitor currently owned by a thread: None

Heap:
 PSYoungGen      total 38400K, used 16152K [0x0000000795580000, 0x0000000798000000, 0x00000007c0000000)
  eden space 33280K, 33% used [0x0000000795580000,0x000000079604c160,0x0000000797600000)
  from space 5120K, 99% used [0x0000000797600000,0x0000000797afa120,0x0000000797b00000)
  to   space 5120K, 0% used [0x0000000797b00000,0x0000000797b00000,0x0000000798000000)
 ParOldGen       total 87552K, used 16231K [0x0000000740000000, 0x0000000745580000, 0x0000000795580000)
  object space 87552K, 18% used [0x0000000740000000,0x0000000740fd9f70,0x0000000745580000)
 Metaspace       used 9550K, capacity 9697K, committed 9856K, reserved 1058816K
  class space    used 1008K, capacity 1087K, committed 1152K, reserved 1048576K

Card table byte_map: [0x00000001135c0000,0x00000001139c1000] byte_map_base: 0x000000010fbc0000

Marking Bits: (ParMarkBitMap*) 0x0000000103279d20
 Begin Bits: [0x0000000113c6c000, 0x0000000115c6c000)
 End Bits:   [0x0000000115c6c000, 0x0000000117c6c000)

Polling page: 0x000000010396c000

CodeCache: size=245760Kb used=3830Kb max_used=3830Kb free=241930Kb
 bounds [0x0000000104200000, 0x00000001045d0000, 0x0000000113200000]
 total_blobs=1448 nmethods=938 adapters=424
 compilation: enabled

Compilation events (10 events):
Event: 41.566 Thread 0x00007fd9fc819800  938       3       java.nio.Bits::putIntB (43 bytes)
Event: 41.567 Thread 0x00007fd9fc819800 nmethod 938 0x00000001045b2c90 code [0x00000001045b2e40, 0x00000001045b3438]
Event: 41.567 Thread 0x00007fd9fc819800  934       3       java.nio.Bits::int3 (6 bytes)
Event: 41.568 Thread 0x00007fd9fc819800 nmethod 934 0x00000001045a9fd0 code [0x00000001045aa120, 0x00000001045aa270]
Event: 41.568 Thread 0x00007fd9fc819800  935       3       java.nio.Bits::int2 (6 bytes)
Event: 41.568 Thread 0x00007fd9fc819800 nmethod 935 0x00000001045b2990 code [0x00000001045b2ae0, 0x00000001045b2c30]
Event: 41.568 Thread 0x00007fd9fc819800  936       3       java.nio.Bits::int1 (6 bytes)
Event: 41.568 Thread 0x00007fd9fc819800 nmethod 936 0x00000001045b2690 code [0x00000001045b27e0, 0x00000001045b2930]
Event: 41.568 Thread 0x00007fd9fc819800  937       3       java.nio.Bits::int0 (3 bytes)
Event: 41.568 Thread 0x00007fd9fc819800 nmethod 937 0x00000001045b2310 code [0x00000001045b2460, 0x00000001045b2590]

GC Heap History (2 events):
Event: 2.244 GC heap before
{Heap before GC invocations=1 (full 0):
 PSYoungGen      total 38400K, used 33280K [0x0000000795580000, 0x0000000798000000, 0x00000007c0000000)
  eden space 33280K, 100% used [0x0000000795580000,0x0000000797600000,0x0000000797600000)
  from space 5120K, 0% used [0x0000000797b00000,0x0000000797b00000,0x0000000798000000)
  to   space 5120K, 0% used [0x0000000797600000,0x0000000797600000,0x0000000797b00000)
 ParOldGen       total 87552K, used 0K [0x0000000740000000, 0x0000000745580000, 0x0000000795580000)
  object space 87552K, 0% used [0x0000000740000000,0x0000000740000000,0x0000000745580000)
 Metaspace       used 9371K, capacity 9569K, committed 9856K, reserved 1058816K
  class space    used 1003K, capacity 1087K, committed 1152K, reserved 1048576K
Event: 2.266 GC heap after
Heap after GC invocations=1 (full 0):
 PSYoungGen      total 38400K, used 5096K [0x0000000795580000, 0x0000000798000000, 0x00000007c0000000)
  eden space 33280K, 0% used [0x0000000795580000,0x0000000795580000,0x0000000797600000)
  from space 5120K, 99% used [0x0000000797600000,0x0000000797afa120,0x0000000797b00000)
  to   space 5120K, 0% used [0x0000000797b00000,0x0000000797b00000,0x0000000798000000)
 ParOldGen       total 87552K, used 16231K [0x0000000740000000, 0x0000000745580000, 0x0000000795580000)
  object space 87552K, 18% used [0x0000000740000000,0x0000000740fd9f70,0x0000000745580000)
 Metaspace       used 9371K, capacity 9569K, committed 9856K, reserved 1058816K
  class space    used 1003K, capacity 1087K, committed 1152K, reserved 1048576K
}

Deoptimization events (10 events):
Event: 1.731 Thread 0x00007fd9fd002000 Uncommon trap: reason=unstable_if action=reinterpret pc=0x00000001044311e0 method=java.util.HashMap.putVal(ILjava/lang/Object;Ljava/lang/Object;ZZ)Ljava/lang/Object; @ 181
Event: 1.934 Thread 0x00007fd9fd002000 Uncommon trap: reason=unstable_if action=reinterpret pc=0x00000001043a3194 method=java.lang.String.indexOf([CII[CIII)I @ 3
Event: 1.944 Thread 0x00007fd9fd002000 Uncommon trap: reason=class_check action=maybe_recompile pc=0x0000000104433478 method=java.util.HashMap.putVal(ILjava/lang/Object;Ljava/lang/Object;ZZ)Ljava/lang/Object; @ 253
Event: 1.944 Thread 0x00007fd9fd002000 Uncommon trap: reason=unstable_if action=reinterpret pc=0x00000001044334c0 method=java.util.HashMap.putVal(ILjava/lang/Object;Ljava/lang/Object;ZZ)Ljava/lang/Object; @ 181
Event: 2.172 Thread 0x00007fd9fd002000 Uncommon trap: reason=unstable_if action=reinterpret pc=0x00000001044b320c method=sun.java2d.loops.OpaqueCopyAnyToArgb.Blit(Lsun/java2d/SurfaceData;Lsun/java2d/SurfaceData;Ljava/awt/Composite;Lsun/java2d/pipe/Region;IIIIII)V @ 150
Event: 2.291 Thread 0x00007fd9fd002000 Uncommon trap: reason=unstable_if action=reinterpret pc=0x00000001044c5e98 method=sun.java2d.loops.OpaqueCopyArgbToAny.Blit(Lsun/java2d/SurfaceData;Lsun/java2d/SurfaceData;Ljava/awt/Composite;Lsun/java2d/pipe/Region;IIIIII)V @ 159
Event: 2.291 Thread 0x00007fd9fd002000 Uncommon trap: reason=unstable_if action=reinterpret pc=0x00000001044c1288 method=java.awt.image.ComponentColorModel.getDataElements(ILjava/lang/Object;)Ljava/lang/Object; @ 2993
Event: 2.291 Thread 0x00007fd9fd002000 Uncommon trap: reason=unstable_if action=reinterpret pc=0x00000001044a766c method=sun.awt.image.ByteInterleavedRaster.getDataElements(IILjava/lang/Object;)Ljava/lang/Object; @ 43
Event: 19.167 Thread 0x00007fd9fd002000 Uncommon trap: reason=unstable_if action=reinterpret pc=0x0000000104599834 method=org.lwjgl.opengl.MacOSXNativeKeyboard.flushDeferredEvent()V @ 4
Event: 43.150 Thread 0x00007fd9fd002000 Uncommon trap: reason=unstable_if action=reinterpret pc=0x00000001045a9c60 method=org.newdawn.slick.AppGameContainer.gameLoop()V @ 60

Internal exceptions (10 events):
Event: 0.537 Thread 0x00007fd9fd002000 Exception <a 'java/security/PrivilegedActionException'> (0x0000000795824330) thrown at [/HUDSON3/workspace/8-2-build-macosx-x86_64/jdk8u101/7261/hotspot/src/share/vm/prims/jvm.cpp, line 1386]
Event: 0.537 Thread 0x00007fd9fd002000 Exception <a 'java/security/PrivilegedActionException'> (0x0000000795824540) thrown at [/HUDSON3/workspace/8-2-build-macosx-x86_64/jdk8u101/7261/hotspot/src/share/vm/prims/jvm.cpp, line 1386]
Event: 0.537 Thread 0x00007fd9fd002000 Exception <a 'java/security/PrivilegedActionException'> (0x0000000795827a30) thrown at [/HUDSON3/workspace/8-2-build-macosx-x86_64/jdk8u101/7261/hotspot/src/share/vm/prims/jvm.cpp, line 1386]
Event: 0.537 Thread 0x00007fd9fd002000 Exception <a 'java/security/PrivilegedActionException'> (0x0000000795827c40) thrown at [/HUDSON3/workspace/8-2-build-macosx-x86_64/jdk8u101/7261/hotspot/src/share/vm/prims/jvm.cpp, line 1386]
Event: 0.603 Thread 0x00007fd9fd002000 Exception <a 'java/lang/NoSuchFieldError': method resolution failed> (0x0000000795901ea8) thrown at [/HUDSON3/workspace/8-2-build-macosx-x86_64/jdk8u101/7261/hotspot/src/share/vm/prims/methodHandles.cpp, line 1146]
Event: 0.606 Thread 0x00007fd9fd002000 Exception <a 'java/lang/NoSuchFieldError': method resolution failed> (0x000000079590f5f8) thrown at [/HUDSON3/workspace/8-2-build-macosx-x86_64/jdk8u101/7261/hotspot/src/share/vm/prims/methodHandles.cpp, line 1146]
Event: 1.058 Thread 0x00007fd9fd002000 Exception <a 'java/io/FileNotFoundException'> (0x000000079598a0b0) thrown at [/HUDSON3/workspace/8-2-build-macosx-x86_64/jdk8u101/7261/hotspot/src/share/vm/prims/jni.cpp, line 709]
Event: 1.059 Thread 0x00007fd9fd002000 Exception <a 'java/io/FileNotFoundException'> (0x000000079598ac40) thrown at [/HUDSON3/workspace/8-2-build-macosx-x86_64/jdk8u101/7261/hotspot/src/share/vm/prims/jni.cpp, line 709]
Event: 2.291 Thread 0x00007fd9fd002000 Implicit null exception at 0x00000001044c0c76 to 0x00000001044c126d
Event: 2.291 Thread 0x00007fd9fd002000 Implicit null exception at 0x00000001044a7424 to 0x00000001044a7651

Events (10 events):
Event: 31.243 Thread 0x00007fd9fc8d5000 Thread added: 0x00007fd9fc8d5000
Event: 32.259 Executing VM operation: RevokeBias
Event: 32.259 Executing VM operation: RevokeBias done
Event: 32.259 Thread 0x00007fd9fc8d5000 Thread exited: 0x00007fd9fc8d5000
Event: 41.350 Thread 0x00007fd9fc04e000 Thread added: 0x00007fd9fc04e000
Event: 43.150 Thread 0x00007fd9fd002000 Uncommon trap: trap_request=0xffffff65 fr.pc=0x00000001045a9c60
Event: 43.150 Thread 0x00007fd9fd002000 DEOPT PACKING pc=0x00000001045a9c60 sp=0x0000700000183840
Event: 43.150 Thread 0x00007fd9fd002000 DEOPT UNPACKING pc=0x0000000104205229 sp=0x0000700000183808 mode 2
Event: 43.154 loading class org/lwjgl/opengl/CallbackUtil
Event: 43.154 loading class org/lwjgl/opengl/CallbackUtil done


Dynamic libraries:
0x0000000003f76000 	/System/Library/Frameworks/Cocoa.framework/Versions/A/Cocoa
0x0000000003f76000 	/System/Library/Frameworks/Security.framework/Versions/A/Security
0x0000000003f76000 	/System/Library/Frameworks/ApplicationServices.framework/Versions/A/ApplicationServices
0x0000000003f76000 	/usr/lib/libz.1.dylib
0x0000000003f76000 	/usr/lib/libSystem.B.dylib
0x0000000003f76000 	/usr/lib/libobjc.A.dylib
0x0000000003f76000 	/System/Library/Frameworks/CoreFoundation.framework/Versions/A/CoreFoundation
0x0000000003f76000 	/System/Library/Frameworks/Foundation.framework/Versions/C/Foundation
0x0000000003f76000 	/System/Library/Frameworks/AppKit.framework/Versions/C/AppKit
0x0000000003f76000 	/System/Library/Frameworks/CoreData.framework/Versions/A/CoreData
0x0000000003f76000 	/System/Library/PrivateFrameworks/RemoteViewServices.framework/Versions/A/RemoteViewServices
0x0000000003f76000 	/System/Library/PrivateFrameworks/UIFoundation.framework/Versions/A/UIFoundation
0x0000000003f76000 	/usr/lib/libScreenReader.dylib
0x0000000003f76000 	/System/Library/Frameworks/Accelerate.framework/Versions/A/Accelerate
0x0000000003f76000 	/System/Library/Frameworks/IOSurface.framework/Versions/A/IOSurface
0x0000000003f76000 	/System/Library/Frameworks/AudioToolbox.framework/Versions/A/AudioToolbox
0x0000000003f76000 	/System/Library/Frameworks/AudioUnit.framework/Versions/A/AudioUnit
0x0000000003f76000 	/System/Library/PrivateFrameworks/DataDetectorsCore.framework/Versions/A/DataDetectorsCore
0x0000000003f76000 	/System/Library/PrivateFrameworks/DesktopServicesPriv.framework/Versions/A/DesktopServicesPriv
0x0000000003f76000 	/System/Library/Frameworks/Carbon.framework/Versions/A/Frameworks/HIToolbox.framework/Versions/A/HIToolbox
0x0000000003f76000 	/System/Library/Frameworks/QuartzCore.framework/Versions/A/QuartzCore
0x0000000003f76000 	/System/Library/Frameworks/Carbon.framework/Versions/A/Frameworks/SpeechRecognition.framework/Versions/A/SpeechRecognition
0x0000000003f76000 	/usr/lib/libauto.dylib
0x0000000003f76000 	/usr/lib/libicucore.A.dylib
0x0000000003f76000 	/usr/lib/libxml2.2.dylib
0x0000000003f76000 	/System/Library/PrivateFrameworks/CoreUI.framework/Versions/A/CoreUI
0x0000000003f76000 	/System/Library/Frameworks/CoreAudio.framework/Versions/A/CoreAudio
0x0000000003f76000 	/System/Library/Frameworks/DiskArbitration.framework/Versions/A/DiskArbitration
0x0000000003f76000 	/usr/lib/liblangid.dylib
0x0000000003f76000 	/System/Library/PrivateFrameworks/MultitouchSupport.framework/Versions/A/MultitouchSupport
0x0000000003f76000 	/System/Library/Frameworks/IOKit.framework/Versions/A/IOKit
0x0000000003f76000 	/usr/lib/libDiagnosticMessagesClient.dylib
0x0000000003f76000 	/System/Library/Frameworks/CoreServices.framework/Versions/A/CoreServices
0x0000000003f76000 	/System/Library/PrivateFrameworks/PerformanceAnalysis.framework/Versions/A/PerformanceAnalysis
0x0000000003f76000 	/System/Library/PrivateFrameworks/GenerationalStorage.framework/Versions/A/GenerationalStorage
0x0000000003f76000 	/System/Library/Frameworks/OpenGL.framework/Versions/A/OpenGL
0x0000000003f76000 	/System/Library/PrivateFrameworks/Sharing.framework/Versions/A/Sharing
0x0000000003f76000 	/System/Library/Frameworks/CoreGraphics.framework/Versions/A/CoreGraphics
0x0000000003f76000 	/System/Library/Frameworks/CoreImage.framework/Versions/A/CoreImage
0x0000000003f76000 	/System/Library/Frameworks/CoreText.framework/Versions/A/CoreText
0x0000000003f76000 	/System/Library/Frameworks/ImageIO.framework/Versions/A/ImageIO
0x0000000003f76000 	/System/Library/PrivateFrameworks/Backup.framework/Versions/A/Backup
0x0000000003f76000 	/usr/lib/libextension.dylib
0x0000000003f76000 	/usr/lib/libarchive.2.dylib
0x0000000003f76000 	/System/Library/Frameworks/CFNetwork.framework/Versions/A/CFNetwork
0x0000000003f76000 	/System/Library/Frameworks/SystemConfiguration.framework/Versions/A/SystemConfiguration
0x0000000003f76000 	/usr/lib/libCRFSuite.dylib
0x0000000003f76000 	/usr/lib/libc++.1.dylib
0x0000000003f76000 	/usr/lib/libc++abi.dylib
0x0000000003f76000 	/usr/lib/system/libcache.dylib
0x0000000003f76000 	/usr/lib/system/libcommonCrypto.dylib
0x0000000003f76000 	/usr/lib/system/libcompiler_rt.dylib
0x0000000003f76000 	/usr/lib/system/libcopyfile.dylib
0x0000000003f76000 	/usr/lib/system/libcorecrypto.dylib
0x0000000003f76000 	/usr/lib/system/libdispatch.dylib
0x0000000003f76000 	/usr/lib/system/libdyld.dylib
0x0000000003f76000 	/usr/lib/system/libkeymgr.dylib
0x0000000003f76000 	/usr/lib/system/liblaunch.dylib
0x0000000003f76000 	/usr/lib/system/libmacho.dylib
0x0000000003f76000 	/usr/lib/system/libquarantine.dylib
0x0000000003f76000 	/usr/lib/system/libremovefile.dylib
0x0000000003f76000 	/usr/lib/system/libsystem_asl.dylib
0x0000000003f76000 	/usr/lib/system/libsystem_blocks.dylib
0x0000000003f76000 	/usr/lib/system/libsystem_c.dylib
0x0000000003f76000 	/usr/lib/system/libsystem_configuration.dylib
0x0000000003f76000 	/usr/lib/system/libsystem_coreservices.dylib
0x0000000003f76000 	/usr/lib/system/libsystem_coretls.dylib
0x0000000003f76000 	/usr/lib/system/libsystem_dnssd.dylib
0x0000000003f76000 	/usr/lib/system/libsystem_info.dylib
0x0000000003f76000 	/usr/lib/system/libsystem_kernel.dylib
0x0000000003f76000 	/usr/lib/system/libsystem_m.dylib
0x0000000003f76000 	/usr/lib/system/libsystem_malloc.dylib
0x0000000003f76000 	/usr/lib/system/libsystem_network.dylib
0x0000000003f76000 	/usr/lib/system/libsystem_networkextension.dylib
0x0000000003f76000 	/usr/lib/system/libsystem_notify.dylib
0x0000000003f76000 	/usr/lib/system/libsystem_platform.dylib
0x0000000003f76000 	/usr/lib/system/libsystem_pthread.dylib
0x0000000003f76000 	/usr/lib/system/libsystem_sandbox.dylib
0x0000000003f76000 	/usr/lib/system/libsystem_secinit.dylib
0x0000000003f76000 	/usr/lib/system/libsystem_trace.dylib
0x0000000003f76000 	/usr/lib/system/libunc.dylib
0x0000000003f76000 	/usr/lib/system/libunwind.dylib
0x0000000003f76000 	/usr/lib/system/libxpc.dylib
0x0000000003f76000 	/usr/lib/libenergytrace.dylib
0x0000000003f76000 	/usr/lib/libbsm.0.dylib
0x0000000003f76000 	/usr/lib/system/libkxld.dylib
0x0000000003f76000 	/usr/lib/libxar.1.dylib
0x0000000003f76000 	/usr/lib/libsqlite3.dylib
0x0000000003f76000 	/usr/lib/libpam.2.dylib
0x0000000003f76000 	/usr/lib/libOpenScriptingUtil.dylib
0x0000000003f76000 	/usr/lib/libbz2.1.0.dylib
0x0000000003f76000 	/usr/lib/liblzma.5.dylib
0x0000000003f76000 	/System/Library/Frameworks/CoreServices.framework/Versions/A/Frameworks/FSEvents.framework/Versions/A/FSEvents
0x0000000003f76000 	/System/Library/Frameworks/CoreServices.framework/Versions/A/Frameworks/CarbonCore.framework/Versions/A/CarbonCore
0x0000000003f76000 	/System/Library/Frameworks/CoreServices.framework/Versions/A/Frameworks/Metadata.framework/Versions/A/Metadata
0x0000000003f76000 	/System/Library/Frameworks/CoreServices.framework/Versions/A/Frameworks/OSServices.framework/Versions/A/OSServices
0x0000000003f76000 	/System/Library/Frameworks/CoreServices.framework/Versions/A/Frameworks/SearchKit.framework/Versions/A/SearchKit
0x0000000003f76000 	/System/Library/Frameworks/CoreServices.framework/Versions/A/Frameworks/AE.framework/Versions/A/AE
0x0000000003f76000 	/System/Library/Frameworks/CoreServices.framework/Versions/A/Frameworks/LaunchServices.framework/Versions/A/LaunchServices
0x0000000003f76000 	/System/Library/Frameworks/CoreServices.framework/Versions/A/Frameworks/DictionaryServices.framework/Versions/A/DictionaryServices
0x0000000003f76000 	/System/Library/Frameworks/CoreServices.framework/Versions/A/Frameworks/SharedFileList.framework/Versions/A/SharedFileList
0x0000000003f76000 	/System/Library/Frameworks/NetFS.framework/Versions/A/NetFS
0x0000000003f76000 	/System/Library/PrivateFrameworks/NetAuth.framework/Versions/A/NetAuth
0x0000000003f76000 	/System/Library/PrivateFrameworks/login.framework/Versions/A/Frameworks/loginsupport.framework/Versions/A/loginsupport
0x0000000003f76000 	/System/Library/PrivateFrameworks/TCC.framework/Versions/A/TCC
0x0000000003f76000 	/usr/lib/libmecabra.dylib
0x0000000003f76000 	/System/Library/Frameworks/ApplicationServices.framework/Versions/A/Frameworks/ATS.framework/Versions/A/ATS
0x0000000003f76000 	/System/Library/Frameworks/ApplicationServices.framework/Versions/A/Frameworks/ColorSync.framework/Versions/A/ColorSync
0x0000000003f76000 	/System/Library/Frameworks/ApplicationServices.framework/Versions/A/Frameworks/HIServices.framework/Versions/A/HIServices
0x0000000003f76000 	/System/Library/Frameworks/ApplicationServices.framework/Versions/A/Frameworks/LangAnalysis.framework/Versions/A/LangAnalysis
0x0000000003f76000 	/System/Library/Frameworks/ApplicationServices.framework/Versions/A/Frameworks/PrintCore.framework/Versions/A/PrintCore
0x0000000003f76000 	/System/Library/Frameworks/ApplicationServices.framework/Versions/A/Frameworks/QD.framework/Versions/A/QD
0x0000000003f76000 	/System/Library/Frameworks/ApplicationServices.framework/Versions/A/Frameworks/SpeechSynthesis.framework/Versions/A/SpeechSynthesis
0x0000000003f76000 	/System/Library/Frameworks/Metal.framework/Versions/A/Metal
0x0000000003f76000 	/System/Library/Frameworks/Accelerate.framework/Versions/A/Frameworks/vImage.framework/Versions/A/vImage
0x0000000003f76000 	/System/Library/Frameworks/Accelerate.framework/Versions/A/Frameworks/vecLib.framework/Versions/A/vecLib
0x0000000003f76000 	/System/Library/Frameworks/Accelerate.framework/Versions/A/Frameworks/vecLib.framework/Versions/A/libvDSP.dylib
0x0000000003f76000 	/System/Library/Frameworks/Accelerate.framework/Versions/A/Frameworks/vecLib.framework/Versions/A/libvMisc.dylib
0x0000000003f76000 	/System/Library/Frameworks/Accelerate.framework/Versions/A/Frameworks/vecLib.framework/Versions/A/libLAPACK.dylib
0x0000000003f76000 	/System/Library/Frameworks/Accelerate.framework/Versions/A/Frameworks/vecLib.framework/Versions/A/libBLAS.dylib
0x0000000003f76000 	/System/Library/Frameworks/Accelerate.framework/Versions/A/Frameworks/vecLib.framework/Versions/A/libLinearAlgebra.dylib
0x0000000003f76000 	/System/Library/Frameworks/Accelerate.framework/Versions/A/Frameworks/vecLib.framework/Versions/A/libSparseBLAS.dylib
0x0000000003f76000 	/System/Library/PrivateFrameworks/GPUCompiler.framework/libmetal_timestamp.dylib
0x0000000003f76000 	/System/Library/Frameworks/OpenGL.framework/Versions/A/Libraries/libCoreFSCache.dylib
0x0000000003f76000 	/System/Library/PrivateFrameworks/IOAccelerator.framework/Versions/A/IOAccelerator
0x0000000003f76000 	/System/Library/Frameworks/ApplicationServices.framework/Versions/A/Frameworks/ATS.framework/Versions/A/Resources/libFontParser.dylib
0x0000000003f76000 	/System/Library/Frameworks/ApplicationServices.framework/Versions/A/Frameworks/ATS.framework/Versions/A/Resources/libFontRegistry.dylib
0x0000000003f76000 	/System/Library/PrivateFrameworks/AppleVPA.framework/Versions/A/AppleVPA
0x0000000003f76000 	/System/Library/PrivateFrameworks/AppleJPEG.framework/Versions/A/AppleJPEG
0x0000000003f76000 	/System/Library/Frameworks/ImageIO.framework/Versions/A/Resources/libJPEG.dylib
0x0000000003f76000 	/System/Library/Frameworks/ImageIO.framework/Versions/A/Resources/libTIFF.dylib
0x0000000003f76000 	/System/Library/Frameworks/ImageIO.framework/Versions/A/Resources/libPng.dylib
0x0000000003f76000 	/System/Library/Frameworks/ImageIO.framework/Versions/A/Resources/libGIF.dylib
0x0000000003f76000 	/System/Library/Frameworks/ImageIO.framework/Versions/A/Resources/libJP2.dylib
0x0000000003f76000 	/System/Library/Frameworks/ImageIO.framework/Versions/A/Resources/libRadiance.dylib
0x0000000003f76000 	/System/Library/Frameworks/CoreVideo.framework/Versions/A/CoreVideo
0x0000000003f76000 	/System/Library/Frameworks/OpenGL.framework/Versions/A/Libraries/libGLU.dylib
0x0000000003f76000 	/System/Library/Frameworks/OpenGL.framework/Versions/A/Libraries/libGFXShared.dylib
0x0000000003f76000 	/System/Library/Frameworks/OpenGL.framework/Versions/A/Libraries/libGL.dylib
0x0000000003f76000 	/System/Library/Frameworks/OpenGL.framework/Versions/A/Libraries/libGLImage.dylib
0x0000000003f76000 	/System/Library/Frameworks/OpenGL.framework/Versions/A/Libraries/libCVMSPluginSupport.dylib
0x0000000003f76000 	/System/Library/Frameworks/OpenGL.framework/Versions/A/Libraries/libCoreVMClient.dylib
0x0000000003f76000 	/usr/lib/libcups.2.dylib
0x0000000003f76000 	/System/Library/Frameworks/Kerberos.framework/Versions/A/Kerberos
0x0000000003f76000 	/System/Library/Frameworks/GSS.framework/Versions/A/GSS
0x0000000003f76000 	/usr/lib/libresolv.9.dylib
0x0000000003f76000 	/usr/lib/libiconv.2.dylib
0x0000000003f76000 	/System/Library/PrivateFrameworks/Heimdal.framework/Versions/A/Heimdal
0x0000000003f76000 	/usr/lib/libheimdal-asn1.dylib
0x0000000003f76000 	/System/Library/Frameworks/OpenDirectory.framework/Versions/A/OpenDirectory
0x0000000003f76000 	/System/Library/PrivateFrameworks/CommonAuth.framework/Versions/A/CommonAuth
0x0000000003f76000 	/System/Library/Frameworks/OpenDirectory.framework/Versions/A/Frameworks/CFOpenDirectory.framework/Versions/A/CFOpenDirectory
0x0000000003f76000 	/System/Library/Frameworks/SecurityFoundation.framework/Versions/A/SecurityFoundation
0x0000000003f76000 	/System/Library/PrivateFrameworks/LanguageModeling.framework/Versions/A/LanguageModeling
0x0000000003f76000 	/usr/lib/libmarisa.dylib
0x0000000003f76000 	/usr/lib/libChineseTokenizer.dylib
0x0000000003f76000 	/usr/lib/libcmph.dylib
0x0000000003f76000 	/usr/lib/libcompression.dylib
0x0000000003f76000 	/System/Library/Frameworks/ServiceManagement.framework/Versions/A/ServiceManagement
0x0000000003f76000 	/usr/lib/libxslt.1.dylib
0x0000000003f76000 	/System/Library/Frameworks/Carbon.framework/Versions/A/Frameworks/Ink.framework/Versions/A/Ink
0x0000000003f76000 	/usr/lib/libFosl_dynamic.dylib
0x0000000003f76000 	/System/Library/PrivateFrameworks/FaceCore.framework/Versions/A/FaceCore
0x0000000003f76000 	/System/Library/Frameworks/OpenCL.framework/Versions/A/OpenCL
0x0000000003f76000 	/System/Library/PrivateFrameworks/CrashReporterSupport.framework/Versions/A/CrashReporterSupport
0x0000000003f76000 	/System/Library/PrivateFrameworks/IconServices.framework/Versions/A/IconServices
0x0000000003f76000 	/System/Library/PrivateFrameworks/Apple80211.framework/Versions/A/Apple80211
0x0000000003f76000 	/System/Library/Frameworks/CoreWLAN.framework/Versions/A/CoreWLAN
0x0000000003f76000 	/System/Library/Frameworks/IOBluetooth.framework/Versions/A/IOBluetooth
0x0000000003f76000 	/System/Library/PrivateFrameworks/CoreWiFi.framework/Versions/A/CoreWiFi
0x0000000003f76000 	/System/Library/Frameworks/CoreBluetooth.framework/Versions/A/CoreBluetooth
0x0000000003f76000 	/System/Library/PrivateFrameworks/ChunkingLibrary.framework/Versions/A/ChunkingLibrary
0x0000000003f76000 	/System/Library/PrivateFrameworks/DebugSymbols.framework/Versions/A/DebugSymbols
0x0000000003f76000 	/System/Library/PrivateFrameworks/CoreSymbolication.framework/Versions/A/CoreSymbolication
0x0000000003f76000 	/System/Library/PrivateFrameworks/Symbolication.framework/Versions/A/Symbolication
0x0000000003f76000 	/System/Library/PrivateFrameworks/SpeechRecognitionCore.framework/Versions/A/SpeechRecognitionCore
0x0000000102948000 	/System/Library/CoreServices/Encodings/libSimplifiedChineseConverter.dylib
0x000000010298c000 	/Library/Java/JavaVirtualMachines/jdk1.8.0_101.jdk/Contents/Home/jre/lib/server/libjvm.dylib
0x0000000003f76000 	/usr/lib/libstdc++.6.dylib
0x0000000103929000 	/Library/Java/JavaVirtualMachines/jdk1.8.0_101.jdk/Contents/Home/jre/lib/libverify.dylib
0x0000000103937000 	/Library/Java/JavaVirtualMachines/jdk1.8.0_101.jdk/Contents/Home/jre/lib/libjava.dylib
0x000000010397a000 	/Library/Java/JavaVirtualMachines/jdk1.8.0_101.jdk/Contents/Home/jre/lib/libzip.dylib
0x0000000119af3000 	/System/Library/Frameworks/JavaVM.framework/Frameworks/JavaRuntimeSupport.framework/JavaRuntimeSupport
0x0000000119b0e000 	/System/Library/Frameworks/JavaVM.framework/Versions/A/Frameworks/JavaNativeFoundation.framework/Versions/A/JavaNativeFoundation
0x0000000119b23000 	/System/Library/Frameworks/JavaVM.framework/Versions/A/JavaVM
0x0000000003f76000 	/System/Library/Frameworks/Carbon.framework/Versions/A/Carbon
0x00000001039f4000 	/System/Library/PrivateFrameworks/JavaLaunching.framework/Versions/A/JavaLaunching
0x0000000003f76000 	/System/Library/Frameworks/Carbon.framework/Versions/A/Frameworks/CommonPanels.framework/Versions/A/CommonPanels
0x0000000003f76000 	/System/Library/Frameworks/Carbon.framework/Versions/A/Frameworks/Help.framework/Versions/A/Help
0x0000000003f76000 	/System/Library/Frameworks/Carbon.framework/Versions/A/Frameworks/ImageCapture.framework/Versions/A/ImageCapture
0x0000000003f76000 	/System/Library/Frameworks/Carbon.framework/Versions/A/Frameworks/OpenScripting.framework/Versions/A/OpenScripting
0x0000000003f76000 	/System/Library/Frameworks/Carbon.framework/Versions/A/Frameworks/Print.framework/Versions/A/Print
0x0000000003f76000 	/System/Library/Frameworks/Carbon.framework/Versions/A/Frameworks/SecurityHI.framework/Versions/A/SecurityHI
0x000000011b4a6000 	/Library/Java/JavaVirtualMachines/jdk1.8.0_101.jdk/Contents/Home/jre/lib/libawt.dylib
0x000000011b54e000 	/Library/Java/JavaVirtualMachines/jdk1.8.0_101.jdk/Contents/Home/jre/lib/./libmlib_image.dylib
0x000000011b61a000 	/Library/Java/JavaVirtualMachines/jdk1.8.0_101.jdk/Contents/Home/jre/lib/libawt_lwawt.dylib
0x000000011b6cf000 	/Library/Java/JavaVirtualMachines/jdk1.8.0_101.jdk/Contents/Home/jre/lib/./libosxapp.dylib
0x0000000003f76000 	/System/Library/Frameworks/ExceptionHandling.framework/Versions/A/ExceptionHandling
0x0000000003f76000 	/System/Library/PrivateFrameworks/CoreServicesInternal.framework/Versions/A/CoreServicesInternal
0x0000000003f76000 	/System/Library/Frameworks/CoreGraphics.framework/Versions/A/Resources/libRIP.A.dylib
0x0000000003f76000 	/System/Library/Frameworks/Accelerate.framework/Versions/A/Frameworks/vImage.framework/Versions/A/Libraries/libCGInterfaces.dylib
0x0000000003f76000 	/System/Library/Frameworks/CoreGraphics.framework/Versions/A/Resources/libCGXType.A.dylib
0x0000000003f76000 	/System/Library/Frameworks/OpenCL.framework/Versions/A/Libraries/libcldcpuengine.dylib
0x0000000003f76000 	/System/Library/PrivateFrameworks/DiskImages.framework/Versions/A/DiskImages
0x0000000003f76000 	/System/Library/Frameworks/DiscRecording.framework/Versions/A/DiscRecording
0x0000000003f76000 	/usr/lib/libcsfde.dylib
0x0000000003f76000 	/usr/lib/libcurl.4.dylib
0x0000000003f76000 	/System/Library/PrivateFrameworks/MediaKit.framework/Versions/A/MediaKit
0x0000000003f76000 	/System/Library/PrivateFrameworks/ProtectedCloudStorage.framework/Versions/A/ProtectedCloudStorage
0x0000000003f76000 	/usr/lib/libCoreStorage.dylib
0x0000000003f76000 	/System/Library/PrivateFrameworks/EFILogin.framework/Versions/A/EFILogin
0x0000000003f76000 	/usr/lib/libutil.dylib
0x0000000003f76000 	/System/Library/PrivateFrameworks/FindMyDevice.framework/Versions/A/FindMyDevice
0x0000000003f76000 	/System/Library/Frameworks/LDAP.framework/Versions/A/LDAP
0x0000000003f76000 	/usr/lib/libsasl2.2.dylib
0x0000000003f76000 	/System/Library/PrivateFrameworks/CoreDaemon.framework/Versions/B/CoreDaemon
0x0000000003f76000 	/usr/lib/libcrypto.0.9.8.dylib
0x0000000003f76000 	/System/Library/PrivateFrameworks/AppleSRP.framework/Versions/A/AppleSRP
0x0000000003f76000 	/System/Library/PrivateFrameworks/TrustEvaluationAgent.framework/Versions/A/TrustEvaluationAgent
0x000000011cdc6000 	cl_kernels
0x0000000003f76000 	/System/Library/Frameworks/OpenCL.framework/Versions/A/Libraries/ImageFormats/unorm8_bgra.dylib
0x0000000003f76000 	/System/Library/Frameworks/OpenCL.framework/Versions/A/Libraries/ImageFormats/unorm8_rgba.dylib
0x0000000003f76000 	/System/Library/PrivateFrameworks/FamilyControls.framework/Versions/A/FamilyControls
0x0000000003f76000 	/System/Library/PrivateFrameworks/CommerceKit.framework/Versions/A/Frameworks/CommerceCore.framework/Versions/A/CommerceCore
0x0000000003f76000 	/System/Library/PrivateFrameworks/SystemAdministration.framework/Versions/A/SystemAdministration
0x0000000003f76000 	/System/Library/PrivateFrameworks/AppContainer.framework/Versions/A/AppContainer
0x0000000003f76000 	/System/Library/PrivateFrameworks/SecCodeWrapper.framework/Versions/A/SecCodeWrapper
0x0000000003f76000 	/System/Library/Frameworks/DirectoryService.framework/Versions/A/DirectoryService
0x0000000003f76000 	/System/Library/PrivateFrameworks/LoginUIKit.framework/Versions/A/Frameworks/LoginUICore.framework/Versions/A/LoginUICore
0x0000000003f76000 	/usr/lib/libodfde.dylib
0x000000011dde0000 	/Library/Java/JavaVirtualMachines/jdk1.8.0_101.jdk/Contents/Home/jre/lib/libfontmanager.dylib
0x000000011de47000 	/Users/wangwilliam/Documents/workspace/SLICK_HOME/liblwjgl.dylib
0x000000011c2a1000 	/Library/Java/JavaVirtualMachines/jdk1.8.0_101.jdk/Contents/Home/jre/lib/libjawt.dylib
0x0000000003f76000 	/System/Library/Frameworks/OpenGL.framework/Versions/A/Resources/GLEngine.bundle/GLEngine
0x0000000003f76000 	/System/Library/Frameworks/OpenGL.framework/Versions/A/Libraries/libGLProgrammability.dylib
0x000000011dec9000 	/System/Library/Extensions/AppleIntelHD3000GraphicsGLDriver.bundle/Contents/MacOS/AppleIntelHD3000GraphicsGLDriver
0x0000000003f76000 	/System/Library/PrivateFrameworks/GPUSupport.framework/Versions/A/Libraries/libGPUSupport.dylib
0x0000000003f76000 	/System/Library/Frameworks/OpenGL.framework/Versions/A/Resources/GLRendererFloat.bundle/GLRendererFloat
0x000000011cdba000 	/Users/wangwilliam/Documents/workspace/SLICK_HOME/libjinput-osx.dylib
0x000000011f04e000 	/System/Library/Extensions/IOHIDFamily.kext/Contents/PlugIns/IOHIDLib.plugin/Contents/MacOS/IOHIDLib
0x000000011f06a000 	/Library/Java/JavaVirtualMachines/jdk1.8.0_101.jdk/Contents/Home/jre/lib/libnio.dylib
0x000000011f07a000 	/Library/Java/JavaVirtualMachines/jdk1.8.0_101.jdk/Contents/Home/jre/lib/./libnet.dylib
0x000000011f091000 	/Library/Java/JavaVirtualMachines/jdk1.8.0_101.jdk/Contents/Home/jre/lib/libjpeg.dylib

VM Arguments:
jvm_args: -Djava.library.path=/Users/wangwilliam/Documents/workspace/SLICK_HOME -Dfile.encoding=UTF-8 
java_command: week5.SlickFlyingGame
java_class_path (initial): /Users/wangwilliam/Documents/workspace/week5/bin:/Users/wangwilliam/Documents/workspace/week5/lib/jinput.jar:/Users/wangwilliam/Documents/workspace/week5/lib/lwjgl.jar:/Users/wangwilliam/Documents/workspace/week5/lib/slick.jar
Launcher Type: SUN_STANDARD

Environment Variables:
PATH=/usr/bin:/bin:/usr/sbin:/sbin
SHELL=/bin/bash

Signal Handlers:
SIGSEGV: [libjvm.dylib+0x5af145], sa_mask[0]=11111111011111110111111111111111, sa_flags=SA_ONSTACK|SA_RESTART|SA_SIGINFO
SIGBUS: [libjvm.dylib+0x5af145], sa_mask[0]=11111111011111110111111111111111, sa_flags=SA_RESTART|SA_SIGINFO
SIGFPE: [libjvm.dylib+0x48694c], sa_mask[0]=11111111011111110111111111111111, sa_flags=SA_RESTART|SA_SIGINFO
SIGPIPE: [libjvm.dylib+0x48694c], sa_mask[0]=11111111011111110111111111111111, sa_flags=SA_RESTART|SA_SIGINFO
SIGXFSZ: [libjvm.dylib+0x48694c], sa_mask[0]=11111111011111110111111111111111, sa_flags=SA_RESTART|SA_SIGINFO
SIGILL: [libjvm.dylib+0x48694c], sa_mask[0]=11111111011111110111111111111111, sa_flags=SA_RESTART|SA_SIGINFO
SIGUSR1: SIG_DFL, sa_mask[0]=00000000000000000000000000000000, sa_flags=none
SIGUSR2: [libjvm.dylib+0x48646a], sa_mask[0]=00100000000000000000000000000000, sa_flags=SA_RESTART|SA_SIGINFO
SIGHUP: [libjvm.dylib+0x484a41], sa_mask[0]=11111111011111110111111111111111, sa_flags=SA_RESTART|SA_SIGINFO
SIGINT: [libjvm.dylib+0x484a41], sa_mask[0]=11111111011111110111111111111111, sa_flags=SA_RESTART|SA_SIGINFO
SIGTERM: [libjvm.dylib+0x484a41], sa_mask[0]=11111111011111110111111111111111, sa_flags=SA_RESTART|SA_SIGINFO
SIGQUIT: [libjvm.dylib+0x484a41], sa_mask[0]=11111111011111110111111111111111, sa_flags=SA_RESTART|SA_SIGINFO


---------------  S Y S T E M  ---------------

OS:Bsduname:Darwin 15.3.0 Darwin Kernel Version 15.3.0: Thu Dec 10 18:40:58 PST 2015; root:xnu-3248.30.4~1/RELEASE_X86_64 x86_64
rlimit: STACK 8192k, CORE 0k, NPROC 709, NOFILE 10240, AS infinity
load average:1.56 1.49 1.46

CPU:total 4 (2 cores per cpu, 2 threads per core) family 6 model 42 stepping 7, cmov, cx8, fxsr, mmx, sse, sse2, sse3, ssse3, sse4.1, sse4.2, popcnt, avx, aes, clmul, ht, tsc, tscinvbit

Memory: 4k page, physical 8388608k(26912k free)

/proc/meminfo:


vm_info: Java HotSpot(TM) 64-Bit Server VM (25.101-b13) for bsd-amd64 JRE (1.8.0_101-b13), built on Jun 22 2016 02:42:15 by "java_re" with gcc 4.2.1 (Based on Apple Inc. build 5658) (LLVM build 2336.11.00)

time: Sun Aug 28 20:43:25 2016
elapsed time: 43 seconds (0d 0h 0m 43s)

